<?xml version="1.0" encoding="UTF-8"?>
<!-- Generated by org.testng.reporters.JUnitReportReporter -->
<testsuite hostname="TYSS-Prajwal" failures="0" tests="1" name="pom.test" time="17.751" errors="0" timestamp="2022-09-20T11:15:00 IST" skipped="0">
  <testcase classname="pom.test" name="login" time="17.751"/>
  <system-out/>
</testsuite> <!-- pom.test -->
